<?xml version="1.0" ?>
<!DOCTYPE coverage SYSTEM "http://cobertura.sourceforge.net/xml/coverage-04.dtd">
<coverage lines-valid="18" lines-covered="13" line-rate="0.7222" branches-valid="6" branches-covered="2" branch-rate="0.3333" timestamp="1549401162872" complexity="0" version="0.1">
  <sources>
    <source>C:\source\repos\sp-dev-fx-webparts\samples\react-acceptance-driven-development</source>
  </sources>
  <packages>
    <class name="FloatNaviagationButton.tsx" filename="src\webparts\reactAtdd\components\FloatNavigationButton\FloatNaviagationButton.tsx" line-rate="0.7222" branch-rate="0.3333">
      <methods>
        <method name="(anonymous_5)" hits="1" signature="()V">
          <lines>
            <line number="4" hits="1"/>
          </lines>
        </method>
        <method name="FloatNavigationButton" hits="1" signature="()V">
          <lines>
            <line number="9" hits="1"/>
          </lines>
        </method>
        <method name="(anonymous_7)" hits="0" signature="()V">
          <lines>
            <line number="22" hits="0"/>
          </lines>
        </method>
        <method name="(anonymous_8)" hits="1" signature="()V">
          <lines>
            <line number="33" hits="1"/>
          </lines>
        </method>
        <method name="(anonymous_9)" hits="2" signature="()V">
          <lines>
            <line number="41" hits="2"/>
          </lines>
        </method>
      </methods>
      <lines>
        <line number="1" hits="1" branch="false"/>
        <line number="4" hits="1" branch="false"/>
        <line number="10" hits="1" branch="true" condition-coverage="100% (2/2)"/>
        <line number="12" hits="1" branch="false"/>
        <line number="16" hits="1" branch="false"/>
        <line number="17" hits="1" branch="false"/>
        <line number="19" hits="1" branch="false"/>
        <line number="22" hits="1" branch="false"/>
        <line number="23" hits="0" branch="false"/>
        <line number="24" hits="0" branch="true" condition-coverage="0% (0/2)"/>
        <line number="25" hits="0" branch="false"/>
        <line number="27" hits="0" branch="true" condition-coverage="0% (0/2)"/>
        <line number="28" hits="0" branch="false"/>
        <line number="33" hits="1" branch="false"/>
        <line number="34" hits="1" branch="false"/>
        <line number="41" hits="1" branch="false"/>
        <line number="42" hits="2" branch="false"/>
        <line number="56" hits="1" branch="false"/>
      </lines>
    </class>
  </packages>
</coverage>
