{"C:\\source\\repos\\sp-dev-fx-webparts\\samples\\react-acceptance-driven-development\\src\\webparts\\reactAtdd\\components\\FloatNavigationButton\\FloatNaviagationButton.tsx": {"path":"C:\\source\\repos\\sp-dev-fx-webparts\\samples\\react-acceptance-driven-development\\src\\webparts\\reactAtdd\\components\\FloatNavigationButton\\FloatNaviagationButton.tsx","statementMap":{"0":{"start":{"line":1,"column":0},"end":{"line":1,"column":30}},"1":{"start":{"line":4,"column":0},"end":{"line":4,"column":58}},"2":{"start":{"line":4,"column":43},"end":{"line":4,"column":75}},"3":{"start":{"line":10,"column":8},"end":{"line":10,"column":20}},"4":{"start":{"line":12,"column":8},"end":{"line":14,"column":10}},"5":{"start":{"line":16,"column":8},"end":{"line":16,"column":57}},"6":{"start":{"line":17,"column":8},"end":{"line":17,"column":55}},"7":{"start":{"line":19,"column":8},"end":{"line":19,"column":61}},"8":{"start":{"line":22,"column":12},"end":{"line":31,"column":5}},"9":{"start":{"line":23,"column":36},"end":{"line":23,"column":54}},"10":{"start":{"line":24,"column":8},"end":{"line":30,"column":9}},"11":{"start":{"line":25,"column":12},"end":{"line":25,"column":45}},"12":{"start":{"line":27,"column":12},"end":{"line":29,"column":13}},"13":{"start":{"line":28,"column":16},"end":{"line":28,"column":48}},"14":{"start":{"line":33,"column":12},"end":{"line":39,"column":5}},"15":{"start":{"line":34,"column":8},"end":{"line":38,"column":11}},"16":{"start":{"line":41,"column":11},"end":{"line":55,"column":5}},"17":{"start":{"line":42,"column":8},"end":{"line":54,"column":10}},"18":{"start":{"line":56,"column":0},"end":{"line":56,"column":1}},"19":{"start":{"line":4,"column":13},"end":{"line":4,"column":34}}},"fnMap":{"0":{"name":"(anonymous_5)","decl":{"start":{"line":4,"column":0},"end":{"line":null,"column":-1}},"loc":{"start":{"line":4,"column":0},"end":{"line":4,"column":-1}}},"1":{"name":"FloatNavigationButton","decl":{"start":{"line":9,"column":4},"end":{"line":9,"column":15}},"loc":{"start":{"line":9,"column":26},"end":{"line":20,"column":5}}},"2":{"name":"(anonymous_7)","decl":{"start":{"line":22,"column":4},"end":{"line":null,"column":-1}},"loc":{"start":{"line":22,"column":4},"end":{"line":31,"column":5}}},"3":{"name":"(anonymous_8)","decl":{"start":{"line":33,"column":4},"end":{"line":null,"column":-1}},"loc":{"start":{"line":33,"column":4},"end":{"line":39,"column":5}}},"4":{"name":"(anonymous_9)","decl":{"start":{"line":41,"column":4},"end":{"line":null,"column":-1}},"loc":{"start":{"line":41,"column":4},"end":{"line":55,"column":5}}}},"branchMap":{"0":{"loc":{"start":{"line":10,"column":8},"end":{"line":10,"column":20}},"type":"binary-expr","locations":[{"start":{"line":10,"column":8},"end":{"line":10,"column":20}},{"start":{"line":10,"column":20},"end":{"line":20,"column":4}}]},"1":{"loc":{"start":{"line":24,"column":8},"end":{"line":30,"column":9}},"type":"if","locations":[{"start":{"line":24,"column":8},"end":{"line":30,"column":9}},{"start":{"line":24,"column":8},"end":{"line":30,"column":9}}]},"2":{"loc":{"start":{"line":27,"column":12},"end":{"line":29,"column":13}},"type":"if","locations":[{"start":{"line":27,"column":12},"end":{"line":29,"column":13}},{"start":{"line":27,"column":12},"end":{"line":29,"column":13}}]}},"s":{"0":1,"1":1,"2":1,"3":1,"4":1,"5":1,"6":1,"7":1,"8":1,"9":0,"10":0,"11":0,"12":0,"13":0,"14":1,"15":1,"16":1,"17":2,"18":1,"19":1},"f":{"0":1,"1":1,"2":0,"3":1,"4":2},"b":{"0":[1,1],"1":[0,0],"2":[0,0]}}
}
