TN:
SF:C:\source\repos\sp-dev-fx-webparts\samples\react-acceptance-driven-development\src\webparts\reactAtdd\components\FloatNavigationButton\FloatNaviagationButton.tsx
FN:4,(anonymous_5)
FN:9,FloatNavigationButton
FN:22,(anonymous_7)
FN:33,(anonymous_8)
FN:41,(anonymous_9)
FNF:5
FNH:4
FNDA:1,(anonymous_5)
FNDA:1,FloatNavigationButton
FNDA:0,(anonymous_7)
FNDA:1,(anonymous_8)
FNDA:2,(anonymous_9)
DA:1,1
DA:4,1
DA:10,1
DA:12,1
DA:16,1
DA:17,1
DA:19,1
DA:22,1
DA:23,0
DA:24,0
DA:25,0
DA:27,0
DA:28,0
DA:33,1
DA:34,1
DA:41,1
DA:42,2
DA:56,1
LF:18
LH:13
BRDA:10,0,0,1
BRDA:10,0,1,1
BRDA:24,1,0,0
BRDA:24,1,1,0
BRDA:27,2,0,0
BRDA:27,2,1,0
BRF:6
BRH:2
end_of_record
